<?xml version="1.0" encoding="UTF-8"?>
<!-- Generated by org.testng.reporters.JUnitReportReporter -->
<testsuite hostname="DESKTOP-KMNS09Q" failures="0" tests="2" name="internet.CheckboxesTest" time="23.163" errors="0" timestamp="2025-02-08T13:38:20 GMT+07:00" skipped="0">
  <testcase classname="internet.CheckboxesTest" name="verifyAbleSelectCheckboxes" time="11.785"/>
  <testcase classname="internet.CheckboxesTest" name="verifyAbleUnSelectCheckboxes" time="11.378"/>
</testsuite> <!-- internet.CheckboxesTest -->
